<?xml version="1.0" encoding="UTF-8"?>
<testsuite xmlns:xsi="http://www.w3.org/2001/XMLSchema-instance" xsi:noNamespaceSchemaLocation="https://maven.apache.org/surefire/maven-surefire-plugin/xsd/surefire-test-report.xsd" version="3.0.1" name="com.synergisticit.AppTest" time="0.019" tests="1" errors="0" skipped="0" failures="0">
  <properties>
    <property name="java.specification.version" value="21"/>
    <property name="sun.jnu.encoding" value="UTF-8"/>
    <property name="java.class.path" value="/Users/mitchellmorgan/eclipse-workspace/day07-13Jun2025-Spring-Hibernate2/target/test-classes:/Users/mitchellmorgan/eclipse-workspace/day07-13Jun2025-Spring-Hibernate2/target/classes:/Users/mitchellmorgan/.m2/repository/org/springframework/spring-orm/6.2.7/spring-orm-6.2.7.jar:/Users/mitchellmorgan/.m2/repository/org/springframework/spring-beans/6.2.7/spring-beans-6.2.7.jar:/Users/mitchellmorgan/.m2/repository/org/springframework/spring-core/6.2.7/spring-core-6.2.7.jar:/Users/mitchellmorgan/.m2/repository/org/springframework/spring-jcl/6.2.7/spring-jcl-6.2.7.jar:/Users/mitchellmorgan/.m2/repository/org/springframework/spring-tx/6.2.7/spring-tx-6.2.7.jar:/Users/mitchellmorgan/.m2/repository/org/hibernate/orm/hibernate-core/6.6.17.Final/hibernate-core-6.6.17.Final.jar:/Users/mitchellmorgan/.m2/repository/jakarta/persistence/jakarta.persistence-api/3.1.0/jakarta.persistence-api-3.1.0.jar:/Users/mitchellmorgan/.m2/repository/jakarta/transaction/jakarta.transaction-api/2.0.1/jakarta.transaction-api-2.0.1.jar:/Users/mitchellmorgan/.m2/repository/org/jboss/logging/jboss-logging/3.5.0.Final/jboss-logging-3.5.0.Final.jar:/Users/mitchellmorgan/.m2/repository/org/hibernate/common/hibernate-commons-annotations/7.0.3.Final/hibernate-commons-annotations-7.0.3.Final.jar:/Users/mitchellmorgan/.m2/repository/io/smallrye/jandex/3.2.0/jandex-3.2.0.jar:/Users/mitchellmorgan/.m2/repository/com/fasterxml/classmate/1.5.1/classmate-1.5.1.jar:/Users/mitchellmorgan/.m2/repository/net/bytebuddy/byte-buddy/1.15.11/byte-buddy-1.15.11.jar:/Users/mitchellmorgan/.m2/repository/jakarta/xml/bind/jakarta.xml.bind-api/4.0.0/jakarta.xml.bind-api-4.0.0.jar:/Users/mitchellmorgan/.m2/repository/jakarta/activation/jakarta.activation-api/2.1.0/jakarta.activation-api-2.1.0.jar:/Users/mitchellmorgan/.m2/repository/org/glassfish/jaxb/jaxb-runtime/4.0.2/jaxb-runtime-4.0.2.jar:/Users/mitchellmorgan/.m2/repository/org/glassfish/jaxb/jaxb-core/4.0.2/jaxb-core-4.0.2.jar:/Users/mitchellmorgan/.m2/repository/org/eclipse/angus/angus-activation/2.0.0/angus-activation-2.0.0.jar:/Users/mitchellmorgan/.m2/repository/org/glassfish/jaxb/txw2/4.0.2/txw2-4.0.2.jar:/Users/mitchellmorgan/.m2/repository/com/sun/istack/istack-commons-runtime/4.1.1/istack-commons-runtime-4.1.1.jar:/Users/mitchellmorgan/.m2/repository/jakarta/inject/jakarta.inject-api/2.0.1/jakarta.inject-api-2.0.1.jar:/Users/mitchellmorgan/.m2/repository/org/antlr/antlr4-runtime/4.13.0/antlr4-runtime-4.13.0.jar:/Users/mitchellmorgan/.m2/repository/com/mysql/mysql-connector-j/8.4.0/mysql-connector-j-8.4.0.jar:/Users/mitchellmorgan/.m2/repository/com/google/protobuf/protobuf-java/3.25.1/protobuf-java-3.25.1.jar:/Users/mitchellmorgan/.m2/repository/org/springframework/spring-jdbc/6.2.7/spring-jdbc-6.2.7.jar:/Users/mitchellmorgan/.m2/repository/org/springframework/spring-context/6.2.7/spring-context-6.2.7.jar:/Users/mitchellmorgan/.m2/repository/org/springframework/spring-aop/6.2.7/spring-aop-6.2.7.jar:/Users/mitchellmorgan/.m2/repository/org/springframework/spring-expression/6.2.7/spring-expression-6.2.7.jar:/Users/mitchellmorgan/.m2/repository/io/micrometer/micrometer-observation/1.14.7/micrometer-observation-1.14.7.jar:/Users/mitchellmorgan/.m2/repository/io/micrometer/micrometer-commons/1.14.7/micrometer-commons-1.14.7.jar:/Users/mitchellmorgan/.m2/repository/org/junit/jupiter/junit-jupiter-api/5.11.0/junit-jupiter-api-5.11.0.jar:/Users/mitchellmorgan/.m2/repository/org/opentest4j/opentest4j/1.3.0/opentest4j-1.3.0.jar:/Users/mitchellmorgan/.m2/repository/org/junit/platform/junit-platform-commons/1.11.0/junit-platform-commons-1.11.0.jar:/Users/mitchellmorgan/.m2/repository/org/apiguardian/apiguardian-api/1.1.2/apiguardian-api-1.1.2.jar:/Users/mitchellmorgan/.m2/repository/org/junit/jupiter/junit-jupiter-params/5.11.0/junit-jupiter-params-5.11.0.jar:"/>
    <property name="java.vm.vendor" value="Eclipse Adoptium"/>
    <property name="sun.arch.data.model" value="64"/>
    <property name="java.vendor.url" value="https://adoptium.net/"/>
    <property name="os.name" value="Mac OS X"/>
    <property name="java.vm.specification.version" value="21"/>
    <property name="sun.java.launcher" value="SUN_STANDARD"/>
    <property name="user.country" value="US"/>
    <property name="sun.boot.library.path" value="/Applications/Eclipse.app/Contents/Eclipse/plugins/org.eclipse.justj.openjdk.hotspot.jre.full.macosx.aarch64_21.0.6.v20250130-0529/jre/lib"/>
    <property name="sun.java.command" value="/Users/mitchellmorgan/eclipse-workspace/day07-13Jun2025-Spring-Hibernate2/target/surefire/surefirebooter-20250613151105820_3.jar /Users/mitchellmorgan/eclipse-workspace/day07-13Jun2025-Spring-Hibernate2/target/surefire 2025-06-13T15-11-05_773-jvmRun1 surefire-20250613151105820_1tmp surefire_0-20250613151105820_2tmp"/>
    <property name="http.nonProxyHosts" value="local|*.local|169.254/16|*.169.254/16"/>
    <property name="jdk.debug" value="release"/>
    <property name="surefire.test.class.path" value="/Users/mitchellmorgan/eclipse-workspace/day07-13Jun2025-Spring-Hibernate2/target/test-classes:/Users/mitchellmorgan/eclipse-workspace/day07-13Jun2025-Spring-Hibernate2/target/classes:/Users/mitchellmorgan/.m2/repository/org/springframework/spring-orm/6.2.7/spring-orm-6.2.7.jar:/Users/mitchellmorgan/.m2/repository/org/springframework/spring-beans/6.2.7/spring-beans-6.2.7.jar:/Users/mitchellmorgan/.m2/repository/org/springframework/spring-core/6.2.7/spring-core-6.2.7.jar:/Users/mitchellmorgan/.m2/repository/org/springframework/spring-jcl/6.2.7/spring-jcl-6.2.7.jar:/Users/mitchellmorgan/.m2/repository/org/springframework/spring-tx/6.2.7/spring-tx-6.2.7.jar:/Users/mitchellmorgan/.m2/repository/org/hibernate/orm/hibernate-core/6.6.17.Final/hibernate-core-6.6.17.Final.jar:/Users/mitchellmorgan/.m2/repository/jakarta/persistence/jakarta.persistence-api/3.1.0/jakarta.persistence-api-3.1.0.jar:/Users/mitchellmorgan/.m2/repository/jakarta/transaction/jakarta.transaction-api/2.0.1/jakarta.transaction-api-2.0.1.jar:/Users/mitchellmorgan/.m2/repository/org/jboss/logging/jboss-logging/3.5.0.Final/jboss-logging-3.5.0.Final.jar:/Users/mitchellmorgan/.m2/repository/org/hibernate/common/hibernate-commons-annotations/7.0.3.Final/hibernate-commons-annotations-7.0.3.Final.jar:/Users/mitchellmorgan/.m2/repository/io/smallrye/jandex/3.2.0/jandex-3.2.0.jar:/Users/mitchellmorgan/.m2/repository/com/fasterxml/classmate/1.5.1/classmate-1.5.1.jar:/Users/mitchellmorgan/.m2/repository/net/bytebuddy/byte-buddy/1.15.11/byte-buddy-1.15.11.jar:/Users/mitchellmorgan/.m2/repository/jakarta/xml/bind/jakarta.xml.bind-api/4.0.0/jakarta.xml.bind-api-4.0.0.jar:/Users/mitchellmorgan/.m2/repository/jakarta/activation/jakarta.activation-api/2.1.0/jakarta.activation-api-2.1.0.jar:/Users/mitchellmorgan/.m2/repository/org/glassfish/jaxb/jaxb-runtime/4.0.2/jaxb-runtime-4.0.2.jar:/Users/mitchellmorgan/.m2/repository/org/glassfish/jaxb/jaxb-core/4.0.2/jaxb-core-4.0.2.jar:/Users/mitchellmorgan/.m2/repository/org/eclipse/angus/angus-activation/2.0.0/angus-activation-2.0.0.jar:/Users/mitchellmorgan/.m2/repository/org/glassfish/jaxb/txw2/4.0.2/txw2-4.0.2.jar:/Users/mitchellmorgan/.m2/repository/com/sun/istack/istack-commons-runtime/4.1.1/istack-commons-runtime-4.1.1.jar:/Users/mitchellmorgan/.m2/repository/jakarta/inject/jakarta.inject-api/2.0.1/jakarta.inject-api-2.0.1.jar:/Users/mitchellmorgan/.m2/repository/org/antlr/antlr4-runtime/4.13.0/antlr4-runtime-4.13.0.jar:/Users/mitchellmorgan/.m2/repository/com/mysql/mysql-connector-j/8.4.0/mysql-connector-j-8.4.0.jar:/Users/mitchellmorgan/.m2/repository/com/google/protobuf/protobuf-java/3.25.1/protobuf-java-3.25.1.jar:/Users/mitchellmorgan/.m2/repository/org/springframework/spring-jdbc/6.2.7/spring-jdbc-6.2.7.jar:/Users/mitchellmorgan/.m2/repository/org/springframework/spring-context/6.2.7/spring-context-6.2.7.jar:/Users/mitchellmorgan/.m2/repository/org/springframework/spring-aop/6.2.7/spring-aop-6.2.7.jar:/Users/mitchellmorgan/.m2/repository/org/springframework/spring-expression/6.2.7/spring-expression-6.2.7.jar:/Users/mitchellmorgan/.m2/repository/io/micrometer/micrometer-observation/1.14.7/micrometer-observation-1.14.7.jar:/Users/mitchellmorgan/.m2/repository/io/micrometer/micrometer-commons/1.14.7/micrometer-commons-1.14.7.jar:/Users/mitchellmorgan/.m2/repository/org/junit/jupiter/junit-jupiter-api/5.11.0/junit-jupiter-api-5.11.0.jar:/Users/mitchellmorgan/.m2/repository/org/opentest4j/opentest4j/1.3.0/opentest4j-1.3.0.jar:/Users/mitchellmorgan/.m2/repository/org/junit/platform/junit-platform-commons/1.11.0/junit-platform-commons-1.11.0.jar:/Users/mitchellmorgan/.m2/repository/org/apiguardian/apiguardian-api/1.1.2/apiguardian-api-1.1.2.jar:/Users/mitchellmorgan/.m2/repository/org/junit/jupiter/junit-jupiter-params/5.11.0/junit-jupiter-params-5.11.0.jar:"/>
    <property name="sun.cpu.endian" value="little"/>
    <property name="user.home" value="/Users/mitchellmorgan"/>
    <property name="user.language" value="en"/>
    <property name="java.specification.vendor" value="Oracle Corporation"/>
    <property name="java.version.date" value="2025-01-21"/>
    <property name="java.home" value="/Applications/Eclipse.app/Contents/Eclipse/plugins/org.eclipse.justj.openjdk.hotspot.jre.full.macosx.aarch64_21.0.6.v20250130-0529/jre"/>
    <property name="file.separator" value="/"/>
    <property name="basedir" value="/Users/mitchellmorgan/eclipse-workspace/day07-13Jun2025-Spring-Hibernate2"/>
    <property name="style.color" value="always"/>
    <property name="java.vm.compressedOopsMode" value="Zero based"/>
    <property name="line.separator" value="&#10;"/>
    <property name="java.vm.specification.vendor" value="Oracle Corporation"/>
    <property name="java.specification.name" value="Java Platform API Specification"/>
    <property name="apple.awt.application.name" value="ForkedBooter"/>
    <property name="surefire.real.class.path" value="/Users/mitchellmorgan/eclipse-workspace/day07-13Jun2025-Spring-Hibernate2/target/surefire/surefirebooter-20250613151105820_3.jar"/>
    <property name="sun.management.compiler" value="HotSpot 64-Bit Tiered Compilers"/>
    <property name="ftp.nonProxyHosts" value="local|*.local|169.254/16|*.169.254/16"/>
    <property name="java.runtime.version" value="21.0.6+7-LTS"/>
    <property name="user.name" value="mitchellmorgan"/>
    <property name="stdout.encoding" value="UTF-8"/>
    <property name="path.separator" value=":"/>
    <property name="os.version" value="14.6.1"/>
    <property name="java.runtime.name" value="OpenJDK Runtime Environment"/>
    <property name="file.encoding" value="UTF-8"/>
    <property name="java.vm.name" value="OpenJDK 64-Bit Server VM"/>
    <property name="java.vendor.version" value="Temurin-21.0.6+7"/>
    <property name="localRepository" value="/Users/mitchellmorgan/.m2/repository"/>
    <property name="java.vendor.url.bug" value="https://github.com/adoptium/adoptium-support/issues"/>
    <property name="java.io.tmpdir" value="/var/folders/hw/47gwp03916sckccljk_yt90r0000gn/T/"/>
    <property name="java.version" value="21.0.6"/>
    <property name="user.dir" value="/Users/mitchellmorgan/eclipse-workspace/day07-13Jun2025-Spring-Hibernate2"/>
    <property name="os.arch" value="aarch64"/>
    <property name="java.vm.specification.name" value="Java Virtual Machine Specification"/>
    <property name="native.encoding" value="UTF-8"/>
    <property name="java.library.path" value="/Users/mitchellmorgan/Library/Java/Extensions:/Library/Java/Extensions:/Network/Library/Java/Extensions:/System/Library/Java/Extensions:/usr/lib/java:."/>
    <property name="java.vm.info" value="mixed mode, sharing"/>
    <property name="stderr.encoding" value="UTF-8"/>
    <property name="java.vendor" value="Eclipse Adoptium"/>
    <property name="java.vm.version" value="21.0.6+7-LTS"/>
    <property name="sun.io.unicode.encoding" value="UnicodeBig"/>
    <property name="socksNonProxyHosts" value="local|*.local|169.254/16|*.169.254/16"/>
    <property name="java.class.version" value="65.0"/>
  </properties>
  <testcase name="shouldAnswerWithTrue" classname="com.synergisticit.AppTest" time="0.01"/>
</testsuite>